2026-05-12 18:21:48,403 - ERROR - ValidationError: Las horas de asesorÌa deben ser mayores a cero.
2026-05-12 18:22:23,978 - ERROR - ValidationError: Las horas de asesorÌa deben ser mayores a cero.
2026-05-12 18:24:34,318 - ERROR - ValidationError: Las horas de asesorÌa deben ser mayores a cero.
2026-05-12 18:31:21,659 - ERROR - ValidationError: Las horas de asesorÌa deben ser mayores a cero.
2026-05-12 18:34:51,323 - ERROR - NombreVacioError: El nombre del cliente no puede estar vacÌo.
2026-05-12 18:34:51,323 - ERROR - CorreoInvalidoError: Formato de correo inv·lido: lauragmail.com
2026-05-12 18:42:22,830 - ERROR - NombreVacioError: El nombre del cliente no puede estar vacÌo.
2026-05-12 18:42:22,831 - ERROR - CorreoInvalidoError: Formato de correo inv·lido: lauragmail.com
2026-05-12 21:19:39,492 - ERROR - CorreoInvalidoError: Formato de correo inv·lido: juan_correo.com
2026-05-12 21:24:40,052 - ERROR - CorreoInvalidoError: Formato de correo inv·lido: juan_correo.com
2026-05-12 21:25:53,739 - ERROR - CorreoInvalidoError: Formato de correo inv·lido: juan_correo.com
2026-05-12 21:34:01,418 - ERROR - CorreoInvalidoError: Formato de correo inv·lido: juan_correo.com
2026-05-12 21:34:01,419 - ERROR - ValidationError: Debe asignarse un especialista v·lido.
2026-05-12 21:34:01,419 - ERROR - ValidationError: El servicio no se encuentra disponible.
2026-05-12 21:41:49,250 - ERROR - CorreoInvalidoError: Formato de correo inv·lido: juan_correo.com
2026-05-12 21:41:49,250 - ERROR - ValidationError: Debe asignarse un especialista v·lido.
2026-05-12 21:41:49,251 - ERROR - ValidationError: El servicio no se encuentra disponible.
2026-05-12 22:05:19,214 - ERROR - CorreoInvalidoError: Formato de correo inv·lido: juan_correo.com
2026-05-12 22:05:19,214 - ERROR - ValidationError: Debe asignarse un especialista v·lido.
2026-05-12 22:05:19,215 - ERROR - ValidationError: El servicio no se encuentra disponible.
